Using pre-set license

 COMMAND LINE ARGUMENTS:
/Applications/Unity.app/Contents/MacOS/Unity
-adb2
-batchMode
-noUpm
-name
AssetImportWorker0
-projectPath
/Applications/Unity_projects/Principia_Comunity_2021
-logFile
Logs/AssetImportWorker0.log
-srvPort
49660
Successfully changed project path to: /Applications/Unity_projects/Principia_Comunity_2021
/Applications/Unity_projects/Principia_Comunity_2021
Using Asset Import Pipeline V2.
Refreshing native plugins compatible for Editor in 106.15 ms, found 2 plugins.
Preloading 0 native plugins for Editor in 0.00 ms.
Initialize engine version: 2020.2.5f1 (e2c53f129de5)
[Subsystems] Discovering subsystems at path /Applications/Unity.app/Contents/Resources/UnitySubsystems
[Subsystems] Discovering subsystems at path /Applications/Unity_projects/Principia_Comunity_2021/Assets
GfxDevice: creating device client; threaded=0
Renderer: NVIDIA GeForce 320M OpenGL Engine
Vendor:   NVIDIA Corporation
Version:  3.3 NVIDIA-10.4.14 310.90.30.05b27
GLES:     0
 GL_ARB_blend_func_extended GL_ARB_draw_buffers_blend GL_ARB_ES2_compatibility GL_ARB_explicit_attrib_location GL_ARB_instanced_arrays GL_ARB_internalformat_query GL_ARB_occlusion_query2 GL_ARB_sample_shading GL_ARB_sampler_objects GL_ARB_separate_shader_objects GL_ARB_shader_bit_encoding GL_ARB_shading_language_include GL_ARB_texture_cube_map_array GL_ARB_texture_query_lod GL_ARB_texture_rgb10_a2ui GL_ARB_texture_storage GL_ARB_texture_swizzle GL_ARB_timer_query GL_ARB_vertex_type_2_10_10_10_rev GL_ARB_viewport_array GL_EXT_debug_label GL_EXT_debug_marker GL_EXT_depth_bounds_test GL_EXT_framebuffer_multisample_blit_scaled GL_EXT_texture_compression_s3tc GL_EXT_texture_filter_anisotropic GL_EXT_texture_mirror_clamp GL_EXT_texture_sRGB_decode GL_APPLE_client_storage GL_APPLE_container_object_shareable GL_APPLE_flush_render GL_APPLE_object_purgeable GL_APPLE_rgb_422 GL_APPLE_row_bytes GL_APPLE_texture_range GL_ATI_texture_mirror_once GL_NV_texture_barrier
OPENGL LOG: Creating OpenGL 3.3 graphics device ; Context level  <OpenGL 3.3> ; Context handle -2079354880
Initialize mono
Mono path[0] = '/Applications/Unity.app/Contents/Managed'
Mono path[1] = '/Applications/Unity.app/Contents/MonoBleedingEdge/lib/mono/unityjit'
Mono config path = '/Applications/Unity.app/Contents/MonoBleedingEdge/etc'
Using monoOptions --debugger-agent=transport=dt_socket,embedding=1,server=y,suspend=n,address=127.0.0.1:56973
Begin MonoManager ReloadAssembly
Registering precompiled unity dll's ...
Register platform support module: /Applications/Unity.app/Contents/PlaybackEngines/MacStandaloneSupport/UnityEditor.OSXStandalone.Extensions.dll
Registered in 0.000899 seconds.
Native extension for OSXStandalone target not found
Refreshing native plugins compatible for Editor in 70.53 ms, found 2 plugins.
Preloading 0 native plugins for Editor in 0.00 ms.
Invoked RoslynAnalysisRunner static constructor.
RoslynAnalysisRunner will not be running.
RoslynAnalysisRunner has terminated.
Mono: successfully reloaded assembly
- Completed reload, in  3.481 seconds
Platform modules already initialized, skipping
Registering precompiled user dll's ...
Registered in 0.005026 seconds.
Begin MonoManager ReloadAssembly
Native extension for OSXStandalone target not found
Refreshing native plugins compatible for Editor in 0.67 ms, found 2 plugins.
Preloading 0 native plugins for Editor in 0.00 ms.
Invoked RoslynAnalysisRunner static constructor.
RoslynAnalysisRunner will not be running.
RoslynAnalysisRunner has terminated.
Mono: successfully reloaded assembly
- Completed reload, in  2.947 seconds
Platform modules already initialized, skipping
========================================================================
Worker process is ready to serve import requests
Launching external process: /Applications/Unity.app/Contents/Tools/UnityShaderCompiler
Launched and connected shader compiler UnityShaderCompiler after 0.03 seconds
Refreshing native plugins compatible for Editor in 0.62 ms, found 2 plugins.
Preloading 0 native plugins for Editor in 0.00 ms.
Unloading 1141 Unused Serialized files (Serialized files now loaded: 0)
System memory in use before: 112.6 MB.
System memory in use after: 112.7 MB.

Unloading 26 unused Assets to reduce memory usage. Loaded Objects now: 1611.
Total: 3.653587 ms (FindLiveObjects: 0.366928 ms CreateObjectMapping: 0.082257 ms MarkObjects: 3.001875 ms  DeleteObjects: 0.198533 ms)

========================================================================
Received Import Request.
  path: Assets/UIPrefabs/FuseButton.prefab
  artifactKey: Guid(94fc0a7cd39184fce92abc86b5877d72) Importer(815301076,1909f56bfc062723c751e8b465ee728b)
Start importing Assets/UIPrefabs/FuseButton.prefab using Guid(94fc0a7cd39184fce92abc86b5877d72) Importer(815301076,1909f56bfc062723c751e8b465ee728b)  -> (artifact id: '70c601a3f684bfb33898f3e20c67292f') in 0.332402 seconds
  Import took 0.341276 seconds .

========================================================================
Received Import Request.
  Time since last request: 2.898158 seconds.
  path: Assets/UIPrefabs/FuseButton.prefab
  artifactKey: Guid(94fc0a7cd39184fce92abc86b5877d72) Importer(815301076,1909f56bfc062723c751e8b465ee728b)
Start importing Assets/UIPrefabs/FuseButton.prefab using Guid(94fc0a7cd39184fce92abc86b5877d72) Importer(815301076,1909f56bfc062723c751e8b465ee728b)  -> (artifact id: 'd7572ce80b81a9c8b5cdb0afb0b09aa5') in 0.019128 seconds
  Import took 0.025762 seconds .

